[2015.01.16 14:11:31] (Coverage): Error during class instrumentation: org.parabot.randoms.soulsplit.BrokenPickAxe
java.lang.NullPointerException
	at com.intellij.rt.coverage.instrumentation.Instrumentator$MyClassWriter.typeInfo(Instrumentator.java:358)
	at com.intellij.rt.coverage.instrumentation.Instrumentator$MyClassWriter.getCommonSuperClass(Instrumentator.java:280)
	at org.jetbrains.org.objectweb.asm.ClassWriter.getMergedType(ClassWriter.java:1654)
	at org.jetbrains.org.objectweb.asm.Frame.merge(Frame.java:1426)
	at org.jetbrains.org.objectweb.asm.Frame.merge(Frame.java:1325)
	at org.jetbrains.org.objectweb.asm.MethodWriter.visitMaxs(MethodWriter.java:1475)
	at org.jetbrains.org.objectweb.asm.MethodVisitor.visitMaxs(MethodVisitor.java:866)
	at com.intellij.rt.coverage.instrumentation.SamplingInstrumenter$1.visitMaxs(SamplingInstrumenter.java:78)
	at org.jetbrains.org.objectweb.asm.ClassReader.readCode(ClassReader.java:1554)
	at org.jetbrains.org.objectweb.asm.ClassReader.readMethod(ClassReader.java:1017)
	at org.jetbrains.org.objectweb.asm.ClassReader.accept(ClassReader.java:693)
	at org.jetbrains.org.objectweb.asm.ClassReader.accept(ClassReader.java:506)
	at com.intellij.rt.coverage.instrumentation.Instrumentator.instrument(Instrumentator.java:177)
	at com.intellij.rt.coverage.instrumentation.Instrumentator.access$000(Instrumentator.java:25)
	at com.intellij.rt.coverage.instrumentation.Instrumentator$1.transform(Instrumentator.java:134)
	at sun.instrument.TransformerManager.transform(TransformerManager.java:188)
	at sun.instrument.InstrumentationImpl.transform(InstrumentationImpl.java:424)
	at java.lang.ClassLoader.defineClass1(Native Method)
	at java.lang.ClassLoader.defineClass(ClassLoader.java:800)
	at java.security.SecureClassLoader.defineClass(SecureClassLoader.java:142)
	at java.net.URLClassLoader.defineClass(URLClassLoader.java:449)
	at java.net.URLClassLoader.access$100(URLClassLoader.java:71)
	at java.net.URLClassLoader$1.run(URLClassLoader.java:361)
	at java.net.URLClassLoader$1.run(URLClassLoader.java:355)
	at java.security.AccessController.doPrivileged(Native Method)
	at java.net.URLClassLoader.findClass(URLClassLoader.java:354)
	at java.lang.ClassLoader.loadClass(ClassLoader.java:425)
	at java.lang.ClassLoader.loadClass(ClassLoader.java:358)
	at org.parabot.randoms.Core.init(Core.java:22)
	at sun.reflect.NativeMethodAccessorImpl.invoke0(Native Method)
	at sun.reflect.NativeMethodAccessorImpl.invoke(NativeMethodAccessorImpl.java:57)
	at sun.reflect.DelegatingMethodAccessorImpl.invoke(DelegatingMethodAccessorImpl.java:43)
	at java.lang.reflect.Method.invoke(Method.java:606)
	at org.rev317.min.randoms.Executer.parseRandoms(Executer.java:43)
	at org.rev317.min.randoms.Executer.getRandoms(Executer.java:26)
	at org.rev317.min.Loader.init(Loader.java:106)
	at org.parabot.core.Context.load(Context.java:156)
	at org.parabot.environment.servers.executers.ServerExecuter$1.run(ServerExecuter.java:24)
	at java.lang.Thread.run(Thread.java:744)
[2015.01.16 14:11:35] (Coverage): Error during class instrumentation: b
java.lang.NullPointerException
	at com.intellij.rt.coverage.instrumentation.Instrumentator$MyClassWriter.typeInfo(Instrumentator.java:358)
	at com.intellij.rt.coverage.instrumentation.Instrumentator$MyClassWriter.getCommonSuperClass(Instrumentator.java:280)
	at org.jetbrains.org.objectweb.asm.ClassWriter.getMergedType(ClassWriter.java:1654)
	at org.jetbrains.org.objectweb.asm.Frame.merge(Frame.java:1426)
	at org.jetbrains.org.objectweb.asm.Frame.merge(Frame.java:1325)
	at org.jetbrains.org.objectweb.asm.MethodWriter.visitMaxs(MethodWriter.java:1475)
	at org.jetbrains.org.objectweb.asm.MethodVisitor.visitMaxs(MethodVisitor.java:866)
	at com.intellij.rt.coverage.instrumentation.SamplingInstrumenter$1.visitMaxs(SamplingInstrumenter.java:78)
	at org.jetbrains.org.objectweb.asm.ClassReader.readCode(ClassReader.java:1554)
	at org.jetbrains.org.objectweb.asm.ClassReader.readMethod(ClassReader.java:1017)
	at org.jetbrains.org.objectweb.asm.ClassReader.accept(ClassReader.java:693)
	at org.jetbrains.org.objectweb.asm.ClassReader.accept(ClassReader.java:506)
	at com.intellij.rt.coverage.instrumentation.Instrumentator.instrument(Instrumentator.java:177)
	at com.intellij.rt.coverage.instrumentation.Instrumentator.access$000(Instrumentator.java:25)
	at com.intellij.rt.coverage.instrumentation.Instrumentator$1.transform(Instrumentator.java:134)
	at sun.instrument.TransformerManager.transform(TransformerManager.java:188)
	at sun.instrument.InstrumentationImpl.transform(InstrumentationImpl.java:424)
	at java.lang.ClassLoader.defineClass1(Native Method)
	at java.lang.ClassLoader.defineClass(ClassLoader.java:800)
	at org.parabot.core.asm.ASMClassLoader.nodeToClass(ASMClassLoader.java:80)
	at org.parabot.core.asm.ASMClassLoader.findClass(ASMClassLoader.java:66)
	at org.parabot.core.asm.ASMClassLoader.loadClass(ASMClassLoader.java:49)
	at org.rev317.min.Loader.fetchApplet(Loader.java:44)
	at org.parabot.core.Context.load(Context.java:168)
	at org.parabot.environment.servers.executers.ServerExecuter$1.run(ServerExecuter.java:24)
	at java.lang.Thread.run(Thread.java:744)
[2015.01.16 14:11:35] (Coverage): Error during class instrumentation: a
java.lang.NullPointerException
	at com.intellij.rt.coverage.instrumentation.Instrumentator$MyClassWriter.typeInfo(Instrumentator.java:358)
	at com.intellij.rt.coverage.instrumentation.Instrumentator$MyClassWriter.getCommonSuperClass(Instrumentator.java:279)
	at org.jetbrains.org.objectweb.asm.ClassWriter.getMergedType(ClassWriter.java:1654)
	at org.jetbrains.org.objectweb.asm.Frame.merge(Frame.java:1426)
	at org.jetbrains.org.objectweb.asm.Frame.merge(Frame.java:1374)
	at org.jetbrains.org.objectweb.asm.MethodWriter.visitMaxs(MethodWriter.java:1475)
	at org.jetbrains.org.objectweb.asm.MethodVisitor.visitMaxs(MethodVisitor.java:866)
	at com.intellij.rt.coverage.instrumentation.SamplingInstrumenter$1.visitMaxs(SamplingInstrumenter.java:78)
	at org.jetbrains.org.objectweb.asm.ClassReader.readCode(ClassReader.java:1554)
	at org.jetbrains.org.objectweb.asm.ClassReader.readMethod(ClassReader.java:1017)
	at org.jetbrains.org.objectweb.asm.ClassReader.accept(ClassReader.java:693)
	at org.jetbrains.org.objectweb.asm.ClassReader.accept(ClassReader.java:506)
	at com.intellij.rt.coverage.instrumentation.Instrumentator.instrument(Instrumentator.java:177)
	at com.intellij.rt.coverage.instrumentation.Instrumentator.access$000(Instrumentator.java:25)
	at com.intellij.rt.coverage.instrumentation.Instrumentator$1.transform(Instrumentator.java:134)
	at sun.instrument.TransformerManager.transform(TransformerManager.java:188)
	at sun.instrument.InstrumentationImpl.transform(InstrumentationImpl.java:424)
	at java.lang.ClassLoader.defineClass1(Native Method)
	at java.lang.ClassLoader.defineClass(ClassLoader.java:800)
	at org.parabot.core.asm.ASMClassLoader.nodeToClass(ASMClassLoader.java:80)
	at org.parabot.core.asm.ASMClassLoader.findClass(ASMClassLoader.java:66)
	at org.parabot.core.asm.ASMClassLoader.loadClass(ASMClassLoader.java:49)
	at java.lang.ClassLoader.defineClass1(Native Method)
	at java.lang.ClassLoader.defineClass(ClassLoader.java:800)
	at org.parabot.core.asm.ASMClassLoader.nodeToClass(ASMClassLoader.java:80)
	at org.parabot.core.asm.ASMClassLoader.findClass(ASMClassLoader.java:66)
	at org.parabot.core.asm.ASMClassLoader.loadClass(ASMClassLoader.java:49)
	at org.rev317.min.Loader.fetchApplet(Loader.java:44)
	at org.parabot.core.Context.load(Context.java:168)
	at org.parabot.environment.servers.executers.ServerExecuter$1.run(ServerExecuter.java:24)
	at java.lang.Thread.run(Thread.java:744)
[2015.01.16 14:11:36] (Coverage): Error during class instrumentation: aE
java.lang.NullPointerException
	at com.intellij.rt.coverage.instrumentation.Instrumentator$MyClassWriter.typeInfo(Instrumentator.java:358)
	at com.intellij.rt.coverage.instrumentation.Instrumentator$MyClassWriter.getCommonSuperClass(Instrumentator.java:279)
	at org.jetbrains.org.objectweb.asm.ClassWriter.getMergedType(ClassWriter.java:1654)
	at org.jetbrains.org.objectweb.asm.Frame.merge(Frame.java:1426)
	at org.jetbrains.org.objectweb.asm.Frame.merge(Frame.java:1325)
	at org.jetbrains.org.objectweb.asm.MethodWriter.visitMaxs(MethodWriter.java:1475)
	at org.jetbrains.org.objectweb.asm.MethodVisitor.visitMaxs(MethodVisitor.java:866)
	at com.intellij.rt.coverage.instrumentation.SamplingInstrumenter$1.visitMaxs(SamplingInstrumenter.java:78)
	at org.jetbrains.org.objectweb.asm.ClassReader.readCode(ClassReader.java:1554)
	at org.jetbrains.org.objectweb.asm.ClassReader.readMethod(ClassReader.java:1017)
	at org.jetbrains.org.objectweb.asm.ClassReader.accept(ClassReader.java:693)
	at org.jetbrains.org.objectweb.asm.ClassReader.accept(ClassReader.java:506)
	at com.intellij.rt.coverage.instrumentation.Instrumentator.instrument(Instrumentator.java:177)
	at com.intellij.rt.coverage.instrumentation.Instrumentator.access$000(Instrumentator.java:25)
	at com.intellij.rt.coverage.instrumentation.Instrumentator$1.transform(Instrumentator.java:134)
	at sun.instrument.TransformerManager.transform(TransformerManager.java:188)
	at sun.instrument.InstrumentationImpl.transform(InstrumentationImpl.java:424)
	at java.lang.ClassLoader.defineClass1(Native Method)
	at java.lang.ClassLoader.defineClass(ClassLoader.java:800)
	at org.parabot.core.asm.ASMClassLoader.nodeToClass(ASMClassLoader.java:80)
	at org.parabot.core.asm.ASMClassLoader.findClass(ASMClassLoader.java:66)
	at org.parabot.core.asm.ASMClassLoader.loadClass(ASMClassLoader.java:49)
	at java.lang.Class.getDeclaredConstructors0(Native Method)
	at java.lang.Class.privateGetDeclaredConstructors(Class.java:2493)
	at java.lang.Class.getConstructor0(Class.java:2803)
	at java.lang.Class.newInstance(Class.java:345)
	at org.rev317.min.Loader.fetchApplet(Loader.java:45)
	at org.parabot.core.Context.load(Context.java:168)
	at org.parabot.environment.servers.executers.ServerExecuter$1.run(ServerExecuter.java:24)
	at java.lang.Thread.run(Thread.java:744)
[2015.01.16 14:11:36] (Coverage): Error during class instrumentation: aK
java.lang.NullPointerException
	at com.intellij.rt.coverage.instrumentation.Instrumentator$MyClassWriter.typeInfo(Instrumentator.java:358)
	at com.intellij.rt.coverage.instrumentation.Instrumentator$MyClassWriter.getCommonSuperClass(Instrumentator.java:280)
	at org.jetbrains.org.objectweb.asm.ClassWriter.getMergedType(ClassWriter.java:1654)
	at org.jetbrains.org.objectweb.asm.Frame.merge(Frame.java:1426)
	at org.jetbrains.org.objectweb.asm.Frame.merge(Frame.java:1325)
	at org.jetbrains.org.objectweb.asm.MethodWriter.visitMaxs(MethodWriter.java:1475)
	at org.jetbrains.org.objectweb.asm.MethodVisitor.visitMaxs(MethodVisitor.java:866)
	at com.intellij.rt.coverage.instrumentation.SamplingInstrumenter$1.visitMaxs(SamplingInstrumenter.java:78)
	at org.jetbrains.org.objectweb.asm.ClassReader.readCode(ClassReader.java:1554)
	at org.jetbrains.org.objectweb.asm.ClassReader.readMethod(ClassReader.java:1017)
	at org.jetbrains.org.objectweb.asm.ClassReader.accept(ClassReader.java:693)
	at org.jetbrains.org.objectweb.asm.ClassReader.accept(ClassReader.java:506)
	at com.intellij.rt.coverage.instrumentation.Instrumentator.instrument(Instrumentator.java:177)
	at com.intellij.rt.coverage.instrumentation.Instrumentator.access$000(Instrumentator.java:25)
	at com.intellij.rt.coverage.instrumentation.Instrumentator$1.transform(Instrumentator.java:134)
	at sun.instrument.TransformerManager.transform(TransformerManager.java:188)
	at sun.instrument.InstrumentationImpl.transform(InstrumentationImpl.java:424)
	at java.lang.ClassLoader.defineClass1(Native Method)
	at java.lang.ClassLoader.defineClass(ClassLoader.java:800)
	at org.parabot.core.asm.ASMClassLoader.nodeToClass(ASMClassLoader.java:80)
	at org.parabot.core.asm.ASMClassLoader.findClass(ASMClassLoader.java:66)
	at org.parabot.core.asm.ASMClassLoader.loadClass(ASMClassLoader.java:49)
	at java.lang.Class.getDeclaredMethods0(Native Method)
	at java.lang.Class.privateGetDeclaredMethods(Class.java:2531)
	at java.lang.Class.getDeclaredMethod(Class.java:2002)
	at java.awt.Component.isCoalesceEventsOverriden(Component.java:6190)
	at java.awt.Component.isCoalesceEventsOverriden(Component.java:6179)
	at java.awt.Component.access$500(Component.java:188)
	at java.awt.Component$3.run(Component.java:6144)
	at java.awt.Component$3.run(Component.java:6142)
	at java.security.AccessController.doPrivileged(Native Method)
	at java.awt.Component.checkCoalescing(Component.java:6141)
	at java.awt.Component.<init>(Component.java:6110)
	at java.awt.Container.<init>(Container.java:276)
	at java.awt.Panel.<init>(Panel.java:64)
	at java.awt.Panel.<init>(Panel.java:56)
	at java.applet.Applet.<init>(Applet.java:65)
	at a.<init>(a.java)
	at b.<init>(b.java)
	at sun.reflect.NativeConstructorAccessorImpl.newInstance0(Native Method)
	at sun.reflect.NativeConstructorAccessorImpl.newInstance(NativeConstructorAccessorImpl.java:57)
	at sun.reflect.DelegatingConstructorAccessorImpl.newInstance(DelegatingConstructorAccessorImpl.java:45)
	at java.lang.reflect.Constructor.newInstance(Constructor.java:526)
	at java.lang.Class.newInstance(Class.java:374)
	at org.rev317.min.Loader.fetchApplet(Loader.java:45)
	at org.parabot.core.Context.load(Context.java:168)
	at org.parabot.environment.servers.executers.ServerExecuter$1.run(ServerExecuter.java:24)
	at java.lang.Thread.run(Thread.java:744)
[2015.01.16 14:11:36] (Coverage): Error during class instrumentation: aP
java.lang.NullPointerException
	at com.intellij.rt.coverage.instrumentation.Instrumentator$MyClassWriter.typeInfo(Instrumentator.java:358)
	at com.intellij.rt.coverage.instrumentation.Instrumentator$MyClassWriter.getCommonSuperClass(Instrumentator.java:279)
	at org.jetbrains.org.objectweb.asm.ClassWriter.getMergedType(ClassWriter.java:1654)
	at org.jetbrains.org.objectweb.asm.Frame.merge(Frame.java:1426)
	at org.jetbrains.org.objectweb.asm.Frame.merge(Frame.java:1325)
	at org.jetbrains.org.objectweb.asm.MethodWriter.visitMaxs(MethodWriter.java:1475)
	at org.jetbrains.org.objectweb.asm.MethodVisitor.visitMaxs(MethodVisitor.java:866)
	at com.intellij.rt.coverage.instrumentation.SamplingInstrumenter$1.visitMaxs(SamplingInstrumenter.java:78)
	at org.jetbrains.org.objectweb.asm.ClassReader.readCode(ClassReader.java:1554)
	at org.jetbrains.org.objectweb.asm.ClassReader.readMethod(ClassReader.java:1017)
	at org.jetbrains.org.objectweb.asm.ClassReader.accept(ClassReader.java:693)
	at org.jetbrains.org.objectweb.asm.ClassReader.accept(ClassReader.java:506)
	at com.intellij.rt.coverage.instrumentation.Instrumentator.instrument(Instrumentator.java:177)
	at com.intellij.rt.coverage.instrumentation.Instrumentator.access$000(Instrumentator.java:25)
	at com.intellij.rt.coverage.instrumentation.Instrumentator$1.transform(Instrumentator.java:134)
	at sun.instrument.TransformerManager.transform(TransformerManager.java:188)
	at sun.instrument.InstrumentationImpl.transform(InstrumentationImpl.java:424)
	at java.lang.ClassLoader.defineClass1(Native Method)
	at java.lang.ClassLoader.defineClass(ClassLoader.java:800)
	at org.parabot.core.asm.ASMClassLoader.nodeToClass(ASMClassLoader.java:80)
	at org.parabot.core.asm.ASMClassLoader.findClass(ASMClassLoader.java:66)
	at org.parabot.core.asm.ASMClassLoader.loadClass(ASMClassLoader.java:49)
	at b.ad(b.java)
	at b.init(b.java)
	at org.parabot.core.Context.load(Context.java:187)
	at org.parabot.environment.servers.executers.ServerExecuter$1.run(ServerExecuter.java:24)
	at java.lang.Thread.run(Thread.java:744)
[2015.01.16 14:11:36] (Coverage): Error during class instrumentation: aC
java.lang.NullPointerException
	at com.intellij.rt.coverage.instrumentation.Instrumentator$MyClassWriter.typeInfo(Instrumentator.java:358)
	at com.intellij.rt.coverage.instrumentation.Instrumentator$MyClassWriter.getCommonSuperClass(Instrumentator.java:280)
	at org.jetbrains.org.objectweb.asm.ClassWriter.getMergedType(ClassWriter.java:1654)
	at org.jetbrains.org.objectweb.asm.Frame.merge(Frame.java:1426)
	at org.jetbrains.org.objectweb.asm.Frame.merge(Frame.java:1325)
	at org.jetbrains.org.objectweb.asm.MethodWriter.visitMaxs(MethodWriter.java:1475)
	at org.jetbrains.org.objectweb.asm.MethodVisitor.visitMaxs(MethodVisitor.java:866)
	at com.intellij.rt.coverage.instrumentation.SamplingInstrumenter$1.visitMaxs(SamplingInstrumenter.java:78)
	at org.jetbrains.org.objectweb.asm.ClassReader.readCode(ClassReader.java:1554)
	at org.jetbrains.org.objectweb.asm.ClassReader.readMethod(ClassReader.java:1017)
	at org.jetbrains.org.objectweb.asm.ClassReader.accept(ClassReader.java:693)
	at org.jetbrains.org.objectweb.asm.ClassReader.accept(ClassReader.java:506)
	at com.intellij.rt.coverage.instrumentation.Instrumentator.instrument(Instrumentator.java:177)
	at com.intellij.rt.coverage.instrumentation.Instrumentator.access$000(Instrumentator.java:25)
	at com.intellij.rt.coverage.instrumentation.Instrumentator$1.transform(Instrumentator.java:134)
	at sun.instrument.TransformerManager.transform(TransformerManager.java:188)
	at sun.instrument.InstrumentationImpl.transform(InstrumentationImpl.java:424)
	at java.lang.ClassLoader.defineClass1(Native Method)
	at java.lang.ClassLoader.defineClass(ClassLoader.java:800)
	at org.parabot.core.asm.ASMClassLoader.nodeToClass(ASMClassLoader.java:80)
	at org.parabot.core.asm.ASMClassLoader.findClass(ASMClassLoader.java:66)
	at org.parabot.core.asm.ASMClassLoader.loadClass(ASMClassLoader.java:49)
	at b.ad(b.java)
	at b.init(b.java)
	at org.parabot.core.Context.load(Context.java:187)
	at org.parabot.environment.servers.executers.ServerExecuter$1.run(ServerExecuter.java:24)
	at java.lang.Thread.run(Thread.java:744)
[2015.01.16 14:11:37] (Coverage): Error during class instrumentation: a3
java.lang.NullPointerException
	at com.intellij.rt.coverage.instrumentation.Instrumentator$MyClassWriter.typeInfo(Instrumentator.java:358)
	at com.intellij.rt.coverage.instrumentation.Instrumentator$MyClassWriter.getCommonSuperClass(Instrumentator.java:280)
	at org.jetbrains.org.objectweb.asm.ClassWriter.getMergedType(ClassWriter.java:1654)
	at org.jetbrains.org.objectweb.asm.Frame.merge(Frame.java:1426)
	at org.jetbrains.org.objectweb.asm.Frame.merge(Frame.java:1325)
	at org.jetbrains.org.objectweb.asm.MethodWriter.visitMaxs(MethodWriter.java:1475)
	at org.jetbrains.org.objectweb.asm.MethodVisitor.visitMaxs(MethodVisitor.java:866)
	at com.intellij.rt.coverage.instrumentation.SamplingInstrumenter$1.visitMaxs(SamplingInstrumenter.java:78)
	at org.jetbrains.org.objectweb.asm.ClassReader.readCode(ClassReader.java:1554)
	at org.jetbrains.org.objectweb.asm.ClassReader.readMethod(ClassReader.java:1017)
	at org.jetbrains.org.objectweb.asm.ClassReader.accept(ClassReader.java:693)
	at org.jetbrains.org.objectweb.asm.ClassReader.accept(ClassReader.java:506)
	at com.intellij.rt.coverage.instrumentation.Instrumentator.instrument(Instrumentator.java:177)
	at com.intellij.rt.coverage.instrumentation.Instrumentator.access$000(Instrumentator.java:25)
	at com.intellij.rt.coverage.instrumentation.Instrumentator$1.transform(Instrumentator.java:134)
	at sun.instrument.TransformerManager.transform(TransformerManager.java:188)
	at sun.instrument.InstrumentationImpl.transform(InstrumentationImpl.java:424)
	at java.lang.ClassLoader.defineClass1(Native Method)
	at java.lang.ClassLoader.defineClass(ClassLoader.java:800)
	at org.parabot.core.asm.ASMClassLoader.nodeToClass(ASMClassLoader.java:80)
	at org.parabot.core.asm.ASMClassLoader.findClass(ASMClassLoader.java:66)
	at org.parabot.core.asm.ASMClassLoader.loadClass(ASMClassLoader.java:49)
	at b.d(b.java)
	at a.run(a.java)
	at b.run(b.java)
	at java.lang.Thread.run(Thread.java:744)
[2015.01.16 14:11:38] (Coverage): Error during class instrumentation: A
java.lang.NullPointerException
	at com.intellij.rt.coverage.instrumentation.Instrumentator$MyClassWriter.typeInfo(Instrumentator.java:358)
	at com.intellij.rt.coverage.instrumentation.Instrumentator$MyClassWriter.getCommonSuperClass(Instrumentator.java:280)
	at org.jetbrains.org.objectweb.asm.ClassWriter.getMergedType(ClassWriter.java:1654)
	at org.jetbrains.org.objectweb.asm.Frame.merge(Frame.java:1426)
	at org.jetbrains.org.objectweb.asm.Frame.merge(Frame.java:1325)
	at org.jetbrains.org.objectweb.asm.MethodWriter.visitMaxs(MethodWriter.java:1475)
	at org.jetbrains.org.objectweb.asm.MethodVisitor.visitMaxs(MethodVisitor.java:866)
	at com.intellij.rt.coverage.instrumentation.SamplingInstrumenter$1.visitMaxs(SamplingInstrumenter.java:78)
	at org.jetbrains.org.objectweb.asm.ClassReader.readCode(ClassReader.java:1554)
	at org.jetbrains.org.objectweb.asm.ClassReader.readMethod(ClassReader.java:1017)
	at org.jetbrains.org.objectweb.asm.ClassReader.accept(ClassReader.java:693)
	at org.jetbrains.org.objectweb.asm.ClassReader.accept(ClassReader.java:506)
	at com.intellij.rt.coverage.instrumentation.Instrumentator.instrument(Instrumentator.java:177)
	at com.intellij.rt.coverage.instrumentation.Instrumentator.access$000(Instrumentator.java:25)
	at com.intellij.rt.coverage.instrumentation.Instrumentator$1.transform(Instrumentator.java:134)
	at sun.instrument.TransformerManager.transform(TransformerManager.java:188)
	at sun.instrument.InstrumentationImpl.transform(InstrumentationImpl.java:424)
	at java.lang.ClassLoader.defineClass1(Native Method)
	at java.lang.ClassLoader.defineClass(ClassLoader.java:800)
	at org.parabot.core.asm.ASMClassLoader.nodeToClass(ASMClassLoader.java:80)
	at org.parabot.core.asm.ASMClassLoader.findClass(ASMClassLoader.java:66)
	at org.parabot.core.asm.ASMClassLoader.loadClass(ASMClassLoader.java:49)
	at b.d(b.java)
	at a.run(a.java)
	at b.run(b.java)
	at java.lang.Thread.run(Thread.java:744)
